<?xml version="1.0" encoding="UTF-8"?>
<testsuite failures="0" errors="0" skipped="0" tests="1" time="3.309345" name="Get Prerequisite Test to test Punk API">
<testcase classname="Get Prerequisite Test to test Punk API" name="Able to Access Punk API" time="3.309345">
  <system-out>
    <![CDATA[  #################################################################################################### 
  URL - https://api.punkapi.com/v2/beers 
  HEADERS - 
  #################################################################################################### 
]]>
  </system-out>
  <system-err>
    <![CDATA[]]>
  </system-err>
</testcase>
</testsuite>
